-------------------------------------------------------------------------------
Test set: TestSuite
-------------------------------------------------------------------------------
Tests run: 2, Failures: 1, Errors: 0, Skipped: 0, Time elapsed: 60.65 s <<< FAILURE! - in TestSuite
hometest.HomePageTest1.testSearchProduct  Time elapsed: 13.7 s  <<< FAILURE!
java.lang.AssertionError: I phone 11 Pro is not Displayed expected ["iphone 11 pr"] but found ["iphone 11 pro"]
	at hometest.HomePageTest1.testSearchProduct(HomePageTest1.java:21)

