<?xml version="1.0" encoding="UTF-8"?>
<testsuite xmlns:xsi="http://www.w3.org/2001/XMLSchema-instance" xsi:noNamespaceSchemaLocation="https://maven.apache.org/surefire/maven-surefire-plugin/xsd/surefire-test-report-3.0.xsd" version="3.0" name="TestSuite" time="60.65" tests="2" errors="0" skipped="0" failures="1">
  <properties>
[...]
</properties>
  <testcase name="testSearchProduct" classname="hometest.HomePageTest" time="12.578"/>
  <testcase name="testSearchProduct" classname="hometest.HomePageTest1" time="13.7">
    <failure message="I phone 11 Pro is not Displayed expected [&quot;iphone 11 pr&quot;] but found [&quot;iphone 11 pro&quot;]" type="java.lang.AssertionError"><![CDATA[java.lang.AssertionError: I phone 11 Pro is not Displayed expected ["iphone 11 pr"] but found ["iphone 11 pro"]
	at hometest.HomePageTest1.testSearchProduct(HomePageTest1.java:21)
]]></failure>
    <system-err><![CDATA[Jun 06, 2020 11:56:27 AM org.openqa.selenium.remote.ProtocolHandshake createSession
INFO: Detected dialect: OSS
]]></system-err>
  </testcase>
</testsuite>